<?xml version="1.0" encoding="UTF-8"?>
<!-- Generated by org.testng.reporters.JUnitReportReporter -->
<testsuite skipped="0" hostname="DESKTOP-Q71IO9G" name="qaclickacademy.SeleniumTest" tests="2" failures="0" timestamp="20 Oct 2018 17:42:01 GMT" time="0.017" errors="0">
  <testcase name="elementsUi" time="0.002" classname="qaclickacademy.SeleniumTest"/>
  <testcase name="BrowserAutomation" time="0.015" classname="qaclickacademy.SeleniumTest"/>
</testsuite> <!-- qaclickacademy.SeleniumTest -->
