<?xml version="1.0" encoding="UTF-8"?>
<!-- Generated by org.testng.reporters.JUnitReportReporter -->
<testsuite skipped="0" hostname="DESKTOP-Q71IO9G" name="qaclickacademy.AppiumTest" tests="2" failures="0" timestamp="10 Dec 2018 13:33:56 GMT" time="0.032" errors="0">
  <testcase name="IOSApps" time="0.016" classname="qaclickacademy.AppiumTest"/>
  <testcase name="NativeAppAndroid" time="0.016" classname="qaclickacademy.AppiumTest"/>
</testsuite> <!-- qaclickacademy.AppiumTest -->
